[17:19:53] [ServerMain/INFO]: Environment: Environment[sessionHost=https://sessionserver.mojang.com, servicesHost=https://api.minecraftservices.com, profilesHost=https://api.mojang.com, name=PROD]
[17:19:55] [ServerMain/INFO]: No existing world data, creating new world
[17:19:57] [ServerMain/INFO]: Loaded 1470 recipes
[17:19:57] [ServerMain/INFO]: Loaded 1584 advancements
[17:19:57] [Server thread/INFO]: Starting minecraft server version 1.21.11
[17:19:57] [Server thread/INFO]: Loading properties
[17:19:57] [Server thread/INFO]: Default game type: SURVIVAL
[17:19:57] [Server thread/INFO]: Generating keypair
[17:19:57] [Server thread/INFO]: Starting Minecraft server on *:25565
[17:19:57] [Server thread/WARN]: **** SERVER IS RUNNING IN OFFLINE/INSECURE MODE!
[17:19:57] [Server thread/WARN]: The server will make no attempt to authenticate usernames. Beware.
[17:19:57] [Server thread/WARN]: While this makes the game possible to play without internet access, it also opens up the ability for hackers to connect with any username they choose.
[17:19:57] [Server thread/WARN]: To change this, set "online-mode" to "true" in the server.properties file.
[17:19:57] [Server thread/INFO]: Preparing level "world"
[17:19:58] [Server thread/INFO]: Selecting global world spawn...
[17:20:12] [Server thread/INFO]: Loading 0 persistent chunks...
[17:20:12] [Server thread/INFO]: Preparing spawn area: 100%
[17:20:12] [Server thread/INFO]: Time elapsed: 13960 ms
[17:20:12] [Server thread/INFO]: Done (14.401s)! For help, type "help"
[17:21:12] [Server thread/INFO]: Server empty for 60 seconds, pausing
